Analysis & Synthesis report for cpu_001
Thu Jul 08 10:59:31 2021
Quartus Prime Version 20.1.0 Build 711 06/05/2020 SJ Lite Edition


---------------------
; Table of Contents ;
---------------------
  1. Legal Notice
  2. Analysis & Synthesis Summary
  3. Analysis & Synthesis Settings
  4. Parallel Compilation
  5. Analysis & Synthesis Source Files Read
  6. Analysis & Synthesis Resource Usage Summary
  7. Analysis & Synthesis Resource Utilization by Entity
  8. Analysis & Synthesis RAM Summary
  9. Analysis & Synthesis IP Cores Summary
 10. Registers Removed During Synthesis
 11. General Register Statistics
 12. Source assignments for ROM_1KW:rom|altsyncram:altsyncram_component|altsyncram_ldt3:auto_generated
 13. Parameter Settings for User Entity Instance: ROM_1KW:rom|altsyncram:altsyncram_component
 14. altsyncram Parameter Settings by Entity Instance
 15. Port Connectivity Checks: "ROM_1KW:rom"
 16. Port Connectivity Checks: "RegisterFile:RegFile"
 17. Port Connectivity Checks: "SlowClock:slowClock"
 18. Port Connectivity Checks: "ProgramCounter:progCtr"
 19. Post-Synthesis Netlist Statistics for Top Partition
 20. Elapsed Time Per Partition
 21. Analysis & Synthesis Messages



----------------
; Legal Notice ;
----------------
Copyright (C) 2020  Intel Corporation. All rights reserved.
Your use of Intel Corporation's design tools, logic functions 
and other software and tools, and any partner logic 
functions, and any output files from any of the foregoing 
(including device programming or simulation files), and any 
associated documentation or information are expressly subject 
to the terms and conditions of the Intel Program License 
Subscription Agreement, the Intel Quartus Prime License Agreement,
the Intel FPGA IP License Agreement, or other applicable license
agreement, including, without limitation, that your use is for
the sole purpose of programming logic devices manufactured by
Intel and sold by Intel or its authorized distributors.  Please
refer to the applicable agreement for further details, at
https://fpgasoftware.intel.com/eula.



+----------------------------------------------------------------------------------+
; Analysis & Synthesis Summary                                                     ;
+------------------------------------+---------------------------------------------+
; Analysis & Synthesis Status        ; Successful - Thu Jul 08 10:59:31 2021       ;
; Quartus Prime Version              ; 20.1.0 Build 711 06/05/2020 SJ Lite Edition ;
; Revision Name                      ; cpu_001                                     ;
; Top-level Entity Name              ; cpu_001                                     ;
; Family                             ; Cyclone IV E                                ;
; Total logic elements               ; 2                                           ;
;     Total combinational functions  ; 2                                           ;
;     Dedicated logic registers      ; 0                                           ;
; Total registers                    ; 0                                           ;
; Total pins                         ; 3                                           ;
; Total virtual pins                 ; 0                                           ;
; Total memory bits                  ; 4                                           ;
; Embedded Multiplier 9-bit elements ; 0                                           ;
; Total PLLs                         ; 0                                           ;
+------------------------------------+---------------------------------------------+


+------------------------------------------------------------------------------------------------------------+
; Analysis & Synthesis Settings                                                                              ;
+------------------------------------------------------------------+--------------------+--------------------+
; Option                                                           ; Setting            ; Default Value      ;
+------------------------------------------------------------------+--------------------+--------------------+
; Device                                                           ; EP4CE15F23C8       ;                    ;
; Top-level entity name                                            ; cpu_001            ; cpu_001            ;
; Family name                                                      ; Cyclone IV E       ; Cyclone V          ;
; Use smart compilation                                            ; On                 ; Off                ;
; Enable parallel Assembler and Timing Analyzer during compilation ; On                 ; On                 ;
; Enable compact report table                                      ; Off                ; Off                ;
; Restructure Multiplexers                                         ; Auto               ; Auto               ;
; Create Debugging Nodes for IP Cores                              ; Off                ; Off                ;
; Preserve fewer node names                                        ; On                 ; On                 ;
; Intel FPGA IP Evaluation Mode                                    ; Enable             ; Enable             ;
; Verilog Version                                                  ; Verilog_2001       ; Verilog_2001       ;
; VHDL Version                                                     ; VHDL_1993          ; VHDL_1993          ;
; State Machine Processing                                         ; Auto               ; Auto               ;
; Safe State Machine                                               ; Off                ; Off                ;
; Extract Verilog State Machines                                   ; On                 ; On                 ;
; Extract VHDL State Machines                                      ; On                 ; On                 ;
; Ignore Verilog initial constructs                                ; Off                ; Off                ;
; Iteration limit for constant Verilog loops                       ; 5000               ; 5000               ;
; Iteration limit for non-constant Verilog loops                   ; 250                ; 250                ;
; Add Pass-Through Logic to Inferred RAMs                          ; On                 ; On                 ;
; Infer RAMs from Raw Logic                                        ; On                 ; On                 ;
; Parallel Synthesis                                               ; On                 ; On                 ;
; DSP Block Balancing                                              ; Auto               ; Auto               ;
; NOT Gate Push-Back                                               ; On                 ; On                 ;
; Power-Up Don't Care                                              ; On                 ; On                 ;
; Remove Redundant Logic Cells                                     ; Off                ; Off                ;
; Remove Duplicate Registers                                       ; On                 ; On                 ;
; Ignore CARRY Buffers                                             ; Off                ; Off                ;
; Ignore CASCADE Buffers                                           ; Off                ; Off                ;
; Ignore GLOBAL Buffers                                            ; Off                ; Off                ;
; Ignore ROW GLOBAL Buffers                                        ; Off                ; Off                ;
; Ignore LCELL Buffers                                             ; Off                ; Off                ;
; Ignore SOFT Buffers                                              ; On                 ; On                 ;
; Limit AHDL Integers to 32 Bits                                   ; Off                ; Off                ;
; Optimization Technique                                           ; Balanced           ; Balanced           ;
; Carry Chain Length                                               ; 70                 ; 70                 ;
; Auto Carry Chains                                                ; On                 ; On                 ;
; Auto Open-Drain Pins                                             ; On                 ; On                 ;
; Perform WYSIWYG Primitive Resynthesis                            ; Off                ; Off                ;
; Auto ROM Replacement                                             ; On                 ; On                 ;
; Auto RAM Replacement                                             ; On                 ; On                 ;
; Auto DSP Block Replacement                                       ; On                 ; On                 ;
; Auto Shift Register Replacement                                  ; Auto               ; Auto               ;
; Allow Shift Register Merging across Hierarchies                  ; Auto               ; Auto               ;
; Auto Clock Enable Replacement                                    ; On                 ; On                 ;
; Strict RAM Replacement                                           ; Off                ; Off                ;
; Allow Synchronous Control Signals                                ; On                 ; On                 ;
; Force Use of Synchronous Clear Signals                           ; Off                ; Off                ;
; Auto RAM Block Balancing                                         ; On                 ; On                 ;
; Auto RAM to Logic Cell Conversion                                ; Off                ; Off                ;
; Auto Resource Sharing                                            ; Off                ; Off                ;
; Allow Any RAM Size For Recognition                               ; Off                ; Off                ;
; Allow Any ROM Size For Recognition                               ; Off                ; Off                ;
; Allow Any Shift Register Size For Recognition                    ; Off                ; Off                ;
; Use LogicLock Constraints during Resource Balancing              ; On                 ; On                 ;
; Ignore translate_off and synthesis_off directives                ; Off                ; Off                ;
; Timing-Driven Synthesis                                          ; On                 ; On                 ;
; Report Parameter Settings                                        ; On                 ; On                 ;
; Report Source Assignments                                        ; On                 ; On                 ;
; Report Connectivity Checks                                       ; On                 ; On                 ;
; Ignore Maximum Fan-Out Assignments                               ; Off                ; Off                ;
; Synchronization Register Chain Length                            ; 2                  ; 2                  ;
; Power Optimization During Synthesis                              ; Normal compilation ; Normal compilation ;
; HDL message level                                                ; Level2             ; Level2             ;
; Suppress Register Optimization Related Messages                  ; Off                ; Off                ;
; Number of Removed Registers Reported in Synthesis Report         ; 5000               ; 5000               ;
; Number of Swept Nodes Reported in Synthesis Report               ; 5000               ; 5000               ;
; Number of Inverted Registers Reported in Synthesis Report        ; 100                ; 100                ;
; Clock MUX Protection                                             ; On                 ; On                 ;
; Auto Gated Clock Conversion                                      ; Off                ; Off                ;
; Block Design Naming                                              ; Auto               ; Auto               ;
; SDC constraint protection                                        ; Off                ; Off                ;
; Synthesis Effort                                                 ; Auto               ; Auto               ;
; Shift Register Replacement - Allow Asynchronous Clear Signal     ; On                 ; On                 ;
; Pre-Mapping Resynthesis Optimization                             ; Off                ; Off                ;
; Analysis & Synthesis Message Level                               ; Medium             ; Medium             ;
; Disable Register Merging Across Hierarchies                      ; Auto               ; Auto               ;
; Resource Aware Inference For Block RAM                           ; On                 ; On                 ;
+------------------------------------------------------------------+--------------------+--------------------+


+------------------------------------------+
; Parallel Compilation                     ;
+----------------------------+-------------+
; Processors                 ; Number      ;
+----------------------------+-------------+
; Number detected on machine ; 8           ;
; Maximum allowed            ; 4           ;
;                            ;             ;
; Average used               ; 1.00        ;
; Maximum used               ; 1           ;
;                            ;             ;
; Usage by Processor         ; % Time Used ;
;     Processor 1            ; 100.0%      ;
+----------------------------+-------------+


+-----------------------------------------------------------------------------------------------------------------------------------------------------------------------------------------------+
; Analysis & Synthesis Source Files Read                                                                                                                                                        ;
+----------------------------------+-----------------+----------------------------------------+---------------------------------------------------------------------------------------+---------+
; File Name with User-Entered Path ; Used in Netlist ; File Type                              ; File Name with Absolute Path                                                          ; Library ;
+----------------------------------+-----------------+----------------------------------------+---------------------------------------------------------------------------------------+---------+
; cpu_001.vhd                      ; yes             ; User VHDL File                         ; C:/Users/HPz420/Documents/GitHub/Doug Gilliland/Design_A_CPU/cpu_001.vhd              ;         ;
; ProgramCounter.vhd               ; yes             ; User VHDL File                         ; C:/Users/HPz420/Documents/GitHub/Doug Gilliland/Design_A_CPU/ProgramCounter.vhd       ;         ;
; SlowClock.vhd                    ; yes             ; User VHDL File                         ; C:/Users/HPz420/Documents/GitHub/Doug Gilliland/Design_A_CPU/SlowClock.vhd            ;         ;
; RegisterFile.vhd                 ; yes             ; User VHDL File                         ; C:/Users/HPz420/Documents/GitHub/Doug Gilliland/Design_A_CPU/RegisterFile.vhd         ;         ;
; ROM_1KW.vhd                      ; yes             ; User Wizard-Generated File             ; C:/Users/HPz420/Documents/GitHub/Doug Gilliland/Design_A_CPU/ROM_1KW.vhd              ;         ;
; altsyncram.tdf                   ; yes             ; Megafunction                           ; c:/intelfpga_lite/20.1/quartus/libraries/megafunctions/altsyncram.tdf                 ;         ;
; stratix_ram_block.inc            ; yes             ; Megafunction                           ; c:/intelfpga_lite/20.1/quartus/libraries/megafunctions/stratix_ram_block.inc          ;         ;
; lpm_mux.inc                      ; yes             ; Megafunction                           ; c:/intelfpga_lite/20.1/quartus/libraries/megafunctions/lpm_mux.inc                    ;         ;
; lpm_decode.inc                   ; yes             ; Megafunction                           ; c:/intelfpga_lite/20.1/quartus/libraries/megafunctions/lpm_decode.inc                 ;         ;
; aglobal201.inc                   ; yes             ; Megafunction                           ; c:/intelfpga_lite/20.1/quartus/libraries/megafunctions/aglobal201.inc                 ;         ;
; a_rdenreg.inc                    ; yes             ; Megafunction                           ; c:/intelfpga_lite/20.1/quartus/libraries/megafunctions/a_rdenreg.inc                  ;         ;
; altrom.inc                       ; yes             ; Megafunction                           ; c:/intelfpga_lite/20.1/quartus/libraries/megafunctions/altrom.inc                     ;         ;
; altram.inc                       ; yes             ; Megafunction                           ; c:/intelfpga_lite/20.1/quartus/libraries/megafunctions/altram.inc                     ;         ;
; altdpram.inc                     ; yes             ; Megafunction                           ; c:/intelfpga_lite/20.1/quartus/libraries/megafunctions/altdpram.inc                   ;         ;
; db/altsyncram_ldt3.tdf           ; yes             ; Auto-Generated Megafunction            ; C:/Users/HPz420/Documents/GitHub/Doug Gilliland/Design_A_CPU/db/altsyncram_ldt3.tdf   ;         ;
; cpu_code/part6_test1.mif         ; yes             ; Auto-Found Memory Initialization File  ; C:/Users/HPz420/Documents/GitHub/Doug Gilliland/Design_A_CPU/cpu_code/part6_test1.mif ;         ;
+----------------------------------+-----------------+----------------------------------------+---------------------------------------------------------------------------------------+---------+


+-----------------------------------------------------+
; Analysis & Synthesis Resource Usage Summary         ;
+---------------------------------------------+-------+
; Resource                                    ; Usage ;
+---------------------------------------------+-------+
; Estimated Total logic elements              ; 2     ;
;                                             ;       ;
; Total combinational functions               ; 2     ;
; Logic element usage by number of LUT inputs ;       ;
;     -- 4 input functions                    ; 0     ;
;     -- 3 input functions                    ; 1     ;
;     -- <=2 input functions                  ; 1     ;
;                                             ;       ;
; Logic elements by mode                      ;       ;
;     -- normal mode                          ; 2     ;
;     -- arithmetic mode                      ; 0     ;
;                                             ;       ;
; Total registers                             ; 0     ;
;     -- Dedicated logic registers            ; 0     ;
;     -- I/O registers                        ; 0     ;
;                                             ;       ;
; I/O pins                                    ; 3     ;
; Total memory bits                           ; 4     ;
;                                             ;       ;
; Embedded Multiplier 9-bit elements          ; 0     ;
;                                             ;       ;
; Maximum fan-out node                        ; ~GND  ;
; Maximum fan-out                             ; 2     ;
; Total fan-out                               ; 11    ;
; Average fan-out                             ; 1.10  ;
+---------------------------------------------+-------+


+---------------------------------------------------------------------------------------------------------------------------------------------------------------------------------------------------------------------------------------------------------------------------------------------+
; Analysis & Synthesis Resource Utilization by Entity                                                                                                                                                                                                                                         ;
+-------------------------------------------+---------------------+---------------------------+-------------+--------------+---------+-----------+------+--------------+-------------------------------------------------------------------------------------+-----------------+--------------+
; Compilation Hierarchy Node                ; Combinational ALUTs ; Dedicated Logic Registers ; Memory Bits ; DSP Elements ; DSP 9x9 ; DSP 18x18 ; Pins ; Virtual Pins ; Full Hierarchy Name                                                                 ; Entity Name     ; Library Name ;
+-------------------------------------------+---------------------+---------------------------+-------------+--------------+---------+-----------+------+--------------+-------------------------------------------------------------------------------------+-----------------+--------------+
; |cpu_001                                  ; 2 (2)               ; 0 (0)                     ; 4           ; 0            ; 0       ; 0         ; 3    ; 0            ; |cpu_001                                                                            ; cpu_001         ; work         ;
;    |ROM_1KW:rom|                          ; 0 (0)               ; 0 (0)                     ; 4           ; 0            ; 0       ; 0         ; 0    ; 0            ; |cpu_001|ROM_1KW:rom                                                                ; ROM_1KW         ; work         ;
;       |altsyncram:altsyncram_component|   ; 0 (0)               ; 0 (0)                     ; 4           ; 0            ; 0       ; 0         ; 0    ; 0            ; |cpu_001|ROM_1KW:rom|altsyncram:altsyncram_component                                ; altsyncram      ; work         ;
;          |altsyncram_ldt3:auto_generated| ; 0 (0)               ; 0 (0)                     ; 4           ; 0            ; 0       ; 0         ; 0    ; 0            ; |cpu_001|ROM_1KW:rom|altsyncram:altsyncram_component|altsyncram_ldt3:auto_generated ; altsyncram_ldt3 ; work         ;
+-------------------------------------------+---------------------+---------------------------+-------------+--------------+---------+-----------+------+--------------+-------------------------------------------------------------------------------------+-----------------+--------------+
Note: For table entries with two numbers listed, the numbers in parentheses indicate the number of resources of the given type used by the specific entity alone. The numbers listed outside of parentheses indicate the total resources of the given type used by the specific entity and all of its sub-entities in the hierarchy.


+------------------------------------------------------------------------------------------------------------------------------------------------------------------------------------------------------+
; Analysis & Synthesis RAM Summary                                                                                                                                                                     ;
+---------------------------------------------------------------------------------------+------+------+--------------+--------------+--------------+--------------+-------+----------------------------+
; Name                                                                                  ; Type ; Mode ; Port A Depth ; Port A Width ; Port B Depth ; Port B Width ; Size  ; MIF                        ;
+---------------------------------------------------------------------------------------+------+------+--------------+--------------+--------------+--------------+-------+----------------------------+
; ROM_1KW:rom|altsyncram:altsyncram_component|altsyncram_ldt3:auto_generated|ALTSYNCRAM ; AUTO ; ROM  ; 1024         ; 16           ; --           ; --           ; 16384 ; ./CPU_Code/Part6_Test1.mif ;
+---------------------------------------------------------------------------------------+------+------+--------------+--------------+--------------+--------------+-------+----------------------------+


+--------------------------------------------------------------------------------------------------------+
; Analysis & Synthesis IP Cores Summary                                                                  ;
+--------+--------------+---------+--------------+--------------+----------------------+-----------------+
; Vendor ; IP Core Name ; Version ; Release Date ; License Type ; Entity Instance      ; IP Include File ;
+--------+--------------+---------+--------------+--------------+----------------------+-----------------+
; Altera ; ROM: 1-PORT  ; 20.1    ; N/A          ; N/A          ; |cpu_001|ROM_1KW:rom ; ROM_1KW.vhd     ;
+--------+--------------+---------+--------------+--------------+----------------------+-----------------+


+-------------------------------------------------------------------------------------------+
; Registers Removed During Synthesis                                                        ;
+-----------------------------------------+-------------------------------------------------+
; Register name                           ; Reason for Removal                              ;
+-----------------------------------------+-------------------------------------------------+
; ProgramCounter:progCtr|w_progCtr[10,11] ; Lost fanout                                     ;
; ProgramCounter:progCtr|w_progCtr[1..9]  ; Merged with ProgramCounter:progCtr|w_progCtr[0] ;
; ProgramCounter:progCtr|w_progCtr[0]     ; Stuck at GND due to stuck port data_in          ;
; Total Number of Removed Registers = 12  ;                                                 ;
+-----------------------------------------+-------------------------------------------------+


+------------------------------------------------------+
; General Register Statistics                          ;
+----------------------------------------------+-------+
; Statistic                                    ; Value ;
+----------------------------------------------+-------+
; Total registers                              ; 0     ;
; Number of registers using Synchronous Clear  ; 0     ;
; Number of registers using Synchronous Load   ; 0     ;
; Number of registers using Asynchronous Clear ; 0     ;
; Number of registers using Asynchronous Load  ; 0     ;
; Number of registers using Clock Enable       ; 0     ;
; Number of registers using Preset             ; 0     ;
+----------------------------------------------+-------+


+---------------------------------------------------------------------------------------------------+
; Source assignments for ROM_1KW:rom|altsyncram:altsyncram_component|altsyncram_ldt3:auto_generated ;
+---------------------------------+--------------------+------+-------------------------------------+
; Assignment                      ; Value              ; From ; To                                  ;
+---------------------------------+--------------------+------+-------------------------------------+
; OPTIMIZE_POWER_DURING_SYNTHESIS ; NORMAL_COMPILATION ; -    ; -                                   ;
+---------------------------------+--------------------+------+-------------------------------------+


+------------------------------------------------------------------------------------------+
; Parameter Settings for User Entity Instance: ROM_1KW:rom|altsyncram:altsyncram_component ;
+------------------------------------+----------------------------+------------------------+
; Parameter Name                     ; Value                      ; Type                   ;
+------------------------------------+----------------------------+------------------------+
; BYTE_SIZE_BLOCK                    ; 8                          ; Untyped                ;
; AUTO_CARRY_CHAINS                  ; ON                         ; AUTO_CARRY             ;
; IGNORE_CARRY_BUFFERS               ; OFF                        ; IGNORE_CARRY           ;
; AUTO_CASCADE_CHAINS                ; ON                         ; AUTO_CASCADE           ;
; IGNORE_CASCADE_BUFFERS             ; OFF                        ; IGNORE_CASCADE         ;
; WIDTH_BYTEENA                      ; 1                          ; Untyped                ;
; OPERATION_MODE                     ; ROM                        ; Untyped                ;
; WIDTH_A                            ; 16                         ; Signed Integer         ;
; WIDTHAD_A                          ; 10                         ; Signed Integer         ;
; NUMWORDS_A                         ; 1024                       ; Signed Integer         ;
; OUTDATA_REG_A                      ; UNREGISTERED               ; Untyped                ;
; ADDRESS_ACLR_A                     ; NONE                       ; Untyped                ;
; OUTDATA_ACLR_A                     ; NONE                       ; Untyped                ;
; WRCONTROL_ACLR_A                   ; NONE                       ; Untyped                ;
; INDATA_ACLR_A                      ; NONE                       ; Untyped                ;
; BYTEENA_ACLR_A                     ; NONE                       ; Untyped                ;
; WIDTH_B                            ; 1                          ; Signed Integer         ;
; WIDTHAD_B                          ; 1                          ; Signed Integer         ;
; NUMWORDS_B                         ; 0                          ; Signed Integer         ;
; INDATA_REG_B                       ; CLOCK1                     ; Untyped                ;
; WRCONTROL_WRADDRESS_REG_B          ; CLOCK1                     ; Untyped                ;
; RDCONTROL_REG_B                    ; CLOCK1                     ; Untyped                ;
; ADDRESS_REG_B                      ; CLOCK1                     ; Untyped                ;
; OUTDATA_REG_B                      ; UNREGISTERED               ; Untyped                ;
; BYTEENA_REG_B                      ; CLOCK1                     ; Untyped                ;
; INDATA_ACLR_B                      ; NONE                       ; Untyped                ;
; WRCONTROL_ACLR_B                   ; NONE                       ; Untyped                ;
; ADDRESS_ACLR_B                     ; NONE                       ; Untyped                ;
; OUTDATA_ACLR_B                     ; NONE                       ; Untyped                ;
; RDCONTROL_ACLR_B                   ; NONE                       ; Untyped                ;
; BYTEENA_ACLR_B                     ; NONE                       ; Untyped                ;
; WIDTH_BYTEENA_A                    ; 1                          ; Signed Integer         ;
; WIDTH_BYTEENA_B                    ; 1                          ; Signed Integer         ;
; RAM_BLOCK_TYPE                     ; AUTO                       ; Untyped                ;
; BYTE_SIZE                          ; 8                          ; Signed Integer         ;
; READ_DURING_WRITE_MODE_MIXED_PORTS ; DONT_CARE                  ; Untyped                ;
; READ_DURING_WRITE_MODE_PORT_A      ; NEW_DATA_NO_NBE_READ       ; Untyped                ;
; READ_DURING_WRITE_MODE_PORT_B      ; NEW_DATA_NO_NBE_READ       ; Untyped                ;
; INIT_FILE                          ; ./CPU_Code/Part6_Test1.mif ; Untyped                ;
; INIT_FILE_LAYOUT                   ; PORT_A                     ; Untyped                ;
; MAXIMUM_DEPTH                      ; 0                          ; Signed Integer         ;
; CLOCK_ENABLE_INPUT_A               ; BYPASS                     ; Untyped                ;
; CLOCK_ENABLE_INPUT_B               ; NORMAL                     ; Untyped                ;
; CLOCK_ENABLE_OUTPUT_A              ; BYPASS                     ; Untyped                ;
; CLOCK_ENABLE_OUTPUT_B              ; NORMAL                     ; Untyped                ;
; CLOCK_ENABLE_CORE_A                ; USE_INPUT_CLKEN            ; Untyped                ;
; CLOCK_ENABLE_CORE_B                ; USE_INPUT_CLKEN            ; Untyped                ;
; ENABLE_ECC                         ; FALSE                      ; Untyped                ;
; ECC_PIPELINE_STAGE_ENABLED         ; FALSE                      ; Untyped                ;
; WIDTH_ECCSTATUS                    ; 3                          ; Signed Integer         ;
; DEVICE_FAMILY                      ; Cyclone IV E               ; Untyped                ;
; CBXI_PARAMETER                     ; altsyncram_ldt3            ; Untyped                ;
+------------------------------------+----------------------------+------------------------+
Note: In order to hide this table in the UI and the text report file, please set the "Show Parameter Settings in Synthesis Report" option in "Analysis and Synthesis Settings -> More Settings" to "Off".


+-----------------------------------------------------------------------------------------+
; altsyncram Parameter Settings by Entity Instance                                        ;
+-------------------------------------------+---------------------------------------------+
; Name                                      ; Value                                       ;
+-------------------------------------------+---------------------------------------------+
; Number of entity instances                ; 1                                           ;
; Entity Instance                           ; ROM_1KW:rom|altsyncram:altsyncram_component ;
;     -- OPERATION_MODE                     ; ROM                                         ;
;     -- WIDTH_A                            ; 16                                          ;
;     -- NUMWORDS_A                         ; 1024                                        ;
;     -- OUTDATA_REG_A                      ; UNREGISTERED                                ;
;     -- WIDTH_B                            ; 1                                           ;
;     -- NUMWORDS_B                         ; 0                                           ;
;     -- ADDRESS_REG_B                      ; CLOCK1                                      ;
;     -- OUTDATA_REG_B                      ; UNREGISTERED                                ;
;     -- RAM_BLOCK_TYPE                     ; AUTO                                        ;
;     -- READ_DURING_WRITE_MODE_MIXED_PORTS ; DONT_CARE                                   ;
+-------------------------------------------+---------------------------------------------+


+--------------------------------------------------------------------------------------------------------------------+
; Port Connectivity Checks: "ROM_1KW:rom"                                                                            ;
+----------+--------+----------+-------------------------------------------------------------------------------------+
; Port     ; Type   ; Severity ; Details                                                                             ;
+----------+--------+----------+-------------------------------------------------------------------------------------+
; q[14..1] ; Output ; Info     ; Connected to dangling logic. Logic that only feeds a dangling port will be removed. ;
+----------+--------+----------+-------------------------------------------------------------------------------------+


+----------------------------------------------------------------------------------------------------------------------+
; Port Connectivity Checks: "RegisterFile:RegFile"                                                                     ;
+------------+--------+----------+-------------------------------------------------------------------------------------+
; Port       ; Type   ; Severity ; Details                                                                             ;
+------------+--------+----------+-------------------------------------------------------------------------------------+
; i_ldregf   ; Input  ; Info     ; Stuck at VCC                                                                        ;
; i_regsel   ; Input  ; Info     ; Stuck at GND                                                                        ;
; i_regfdata ; Input  ; Info     ; Stuck at GND                                                                        ;
; o_regfdata ; Output ; Info     ; Connected to dangling logic. Logic that only feeds a dangling port will be removed. ;
+------------+--------+----------+-------------------------------------------------------------------------------------+


+-----------------------------------------------------------------------------------------------------------------------+
; Port Connectivity Checks: "SlowClock:slowClock"                                                                       ;
+-------------+--------+----------+-------------------------------------------------------------------------------------+
; Port        ; Type   ; Severity ; Details                                                                             ;
+-------------+--------+----------+-------------------------------------------------------------------------------------+
; o_slowclock ; Output ; Info     ; Connected to dangling logic. Logic that only feeds a dangling port will be removed. ;
+-------------+--------+----------+-------------------------------------------------------------------------------------+


+-----------------------------------------------------------------------------------------------------------------------------+
; Port Connectivity Checks: "ProgramCounter:progCtr"                                                                          ;
+-------------------+--------+----------+-------------------------------------------------------------------------------------+
; Port              ; Type   ; Severity ; Details                                                                             ;
+-------------------+--------+----------+-------------------------------------------------------------------------------------+
; i_loadpc          ; Input  ; Info     ; Stuck at GND                                                                        ;
; i_incpc           ; Input  ; Info     ; Stuck at GND                                                                        ;
; i_pcldvalr        ; Input  ; Info     ; Stuck at GND                                                                        ;
; o_progctr[11..10] ; Output ; Info     ; Connected to dangling logic. Logic that only feeds a dangling port will be removed. ;
+-------------------+--------+----------+-------------------------------------------------------------------------------------+


+-----------------------------------------------------+
; Post-Synthesis Netlist Statistics for Top Partition ;
+-----------------------+-----------------------------+
; Type                  ; Count                       ;
+-----------------------+-----------------------------+
; boundary_port         ; 3                           ;
; cycloneiii_lcell_comb ; 2                           ;
;     normal            ; 2                           ;
;         0 data inputs ; 1                           ;
;         3 data inputs ; 1                           ;
; cycloneiii_ram_block  ; 2                           ;
;                       ;                             ;
; Max LUT depth         ; 1.00                        ;
; Average LUT depth     ; 0.67                        ;
+-----------------------+-----------------------------+


+-------------------------------+
; Elapsed Time Per Partition    ;
+----------------+--------------+
; Partition Name ; Elapsed Time ;
+----------------+--------------+
; Top            ; 00:00:00     ;
+----------------+--------------+


+-------------------------------+
; Analysis & Synthesis Messages ;
+-------------------------------+
Info: *******************************************************************
Info: Running Quartus Prime Analysis & Synthesis
    Info: Version 20.1.0 Build 711 06/05/2020 SJ Lite Edition
    Info: Processing started: Thu Jul 08 10:59:15 2021
Info: Command: quartus_map --read_settings_files=on --write_settings_files=off cpu_001 -c cpu_001
Warning (18236): Number of processors has not been specified which may cause overloading on shared machines.  Set the global assignment NUM_PARALLEL_PROCESSORS in your QSF to an appropriate value for best performance.
Info (20030): Parallel compilation is enabled and will use 4 of the 4 processors detected
Info (12021): Found 2 design units, including 1 entities, in source file cpu_001.vhd
    Info (12022): Found design unit 1: cpu_001-beh File: C:/Users/HPz420/Documents/GitHub/Doug Gilliland/Design_A_CPU/cpu_001.vhd Line: 20
    Info (12023): Found entity 1: cpu_001 File: C:/Users/HPz420/Documents/GitHub/Doug Gilliland/Design_A_CPU/cpu_001.vhd Line: 11
Info (12021): Found 2 design units, including 1 entities, in source file programcounter.vhd
    Info (12022): Found design unit 1: ProgramCounter-beh File: C:/Users/HPz420/Documents/GitHub/Doug Gilliland/Design_A_CPU/ProgramCounter.vhd Line: 24
    Info (12023): Found entity 1: ProgramCounter File: C:/Users/HPz420/Documents/GitHub/Doug Gilliland/Design_A_CPU/ProgramCounter.vhd Line: 11
Info (12021): Found 2 design units, including 1 entities, in source file slowclock.vhd
    Info (12022): Found design unit 1: SlowClock-beh File: C:/Users/HPz420/Documents/GitHub/Doug Gilliland/Design_A_CPU/SlowClock.vhd Line: 17
    Info (12023): Found entity 1: SlowClock File: C:/Users/HPz420/Documents/GitHub/Doug Gilliland/Design_A_CPU/SlowClock.vhd Line: 10
Info (12021): Found 2 design units, including 1 entities, in source file registerfile.vhd
    Info (12022): Found design unit 1: RegisterFile-beh File: C:/Users/HPz420/Documents/GitHub/Doug Gilliland/Design_A_CPU/RegisterFile.vhd Line: 19
    Info (12023): Found entity 1: RegisterFile File: C:/Users/HPz420/Documents/GitHub/Doug Gilliland/Design_A_CPU/RegisterFile.vhd Line: 9
Info (12021): Found 2 design units, including 1 entities, in source file rom_1kw.vhd
    Info (12022): Found design unit 1: rom_1kw-SYN File: C:/Users/HPz420/Documents/GitHub/Doug Gilliland/Design_A_CPU/ROM_1KW.vhd Line: 53
    Info (12023): Found entity 1: ROM_1KW File: C:/Users/HPz420/Documents/GitHub/Doug Gilliland/Design_A_CPU/ROM_1KW.vhd Line: 43
Info (12127): Elaborating entity "cpu_001" for the top level hierarchy
Warning (10036): Verilog HDL or VHDL warning at cpu_001.vhd(22): object "w_keyBuff" assigned a value but never read File: C:/Users/HPz420/Documents/GitHub/Doug Gilliland/Design_A_CPU/cpu_001.vhd Line: 22
Warning (10540): VHDL Signal Declaration warning at cpu_001.vhd(25): used explicit default value for signal "w_loadPC" because signal was never assigned a value File: C:/Users/HPz420/Documents/GitHub/Doug Gilliland/Design_A_CPU/cpu_001.vhd Line: 25
Warning (10540): VHDL Signal Declaration warning at cpu_001.vhd(26): used explicit default value for signal "w_incPC" because signal was never assigned a value File: C:/Users/HPz420/Documents/GitHub/Doug Gilliland/Design_A_CPU/cpu_001.vhd Line: 26
Warning (10036): Verilog HDL or VHDL warning at cpu_001.vhd(31): object "w_slowPulse" assigned a value but never read File: C:/Users/HPz420/Documents/GitHub/Doug Gilliland/Design_A_CPU/cpu_001.vhd Line: 31
Warning (10036): Verilog HDL or VHDL warning at cpu_001.vhd(37): object "w_regFOut" assigned a value but never read File: C:/Users/HPz420/Documents/GitHub/Doug Gilliland/Design_A_CPU/cpu_001.vhd Line: 37
Info (12128): Elaborating entity "ProgramCounter" for hierarchy "ProgramCounter:progCtr" File: C:/Users/HPz420/Documents/GitHub/Doug Gilliland/Design_A_CPU/cpu_001.vhd Line: 47
Info (12128): Elaborating entity "SlowClock" for hierarchy "SlowClock:slowClock" File: C:/Users/HPz420/Documents/GitHub/Doug Gilliland/Design_A_CPU/cpu_001.vhd Line: 60
Info (12128): Elaborating entity "RegisterFile" for hierarchy "RegisterFile:RegFile" File: C:/Users/HPz420/Documents/GitHub/Doug Gilliland/Design_A_CPU/cpu_001.vhd Line: 67
Info (12128): Elaborating entity "ROM_1KW" for hierarchy "ROM_1KW:rom" File: C:/Users/HPz420/Documents/GitHub/Doug Gilliland/Design_A_CPU/cpu_001.vhd Line: 77
Info (12128): Elaborating entity "altsyncram" for hierarchy "ROM_1KW:rom|altsyncram:altsyncram_component" File: C:/Users/HPz420/Documents/GitHub/Doug Gilliland/Design_A_CPU/ROM_1KW.vhd Line: 60
Info (12130): Elaborated megafunction instantiation "ROM_1KW:rom|altsyncram:altsyncram_component" File: C:/Users/HPz420/Documents/GitHub/Doug Gilliland/Design_A_CPU/ROM_1KW.vhd Line: 60
Info (12133): Instantiated megafunction "ROM_1KW:rom|altsyncram:altsyncram_component" with the following parameter: File: C:/Users/HPz420/Documents/GitHub/Doug Gilliland/Design_A_CPU/ROM_1KW.vhd Line: 60
    Info (12134): Parameter "address_aclr_a" = "NONE"
    Info (12134): Parameter "address_aclr_b" = "NONE"
    Info (12134): Parameter "address_reg_b" = "CLOCK1"
    Info (12134): Parameter "byte_size" = "8"
    Info (12134): Parameter "byteena_aclr_a" = "UNUSED"
    Info (12134): Parameter "byteena_aclr_b" = "NONE"
    Info (12134): Parameter "byteena_reg_b" = "CLOCK1"
    Info (12134): Parameter "clock_enable_core_a" = "USE_INPUT_CLKEN"
    Info (12134): Parameter "clock_enable_core_b" = "USE_INPUT_CLKEN"
    Info (12134): Parameter "clock_enable_input_a" = "BYPASS"
    Info (12134): Parameter "clock_enable_input_b" = "NORMAL"
    Info (12134): Parameter "clock_enable_output_a" = "BYPASS"
    Info (12134): Parameter "clock_enable_output_b" = "NORMAL"
    Info (12134): Parameter "intended_device_family" = "Cyclone IV E"
    Info (12134): Parameter "ecc_pipeline_stage_enabled" = "FALSE"
    Info (12134): Parameter "enable_ecc" = "FALSE"
    Info (12134): Parameter "implement_in_les" = "OFF"
    Info (12134): Parameter "indata_aclr_a" = "UNUSED"
    Info (12134): Parameter "indata_aclr_b" = "NONE"
    Info (12134): Parameter "indata_reg_b" = "CLOCK1"
    Info (12134): Parameter "init_file" = "./CPU_Code/Part6_Test1.mif"
    Info (12134): Parameter "init_file_layout" = "PORT_A"
    Info (12134): Parameter "maximum_depth" = "0"
    Info (12134): Parameter "numwords_a" = "1024"
    Info (12134): Parameter "numwords_b" = "0"
    Info (12134): Parameter "operation_mode" = "ROM"
    Info (12134): Parameter "outdata_aclr_a" = "NONE"
    Info (12134): Parameter "outdata_aclr_b" = "NONE"
    Info (12134): Parameter "outdata_reg_a" = "UNREGISTERED"
    Info (12134): Parameter "outdata_reg_b" = "UNREGISTERED"
    Info (12134): Parameter "power_up_uninitialized" = "FALSE"
    Info (12134): Parameter "ram_block_type" = "AUTO"
    Info (12134): Parameter "rdcontrol_aclr_b" = "NONE"
    Info (12134): Parameter "rdcontrol_reg_b" = "CLOCK1"
    Info (12134): Parameter "read_during_write_mode_mixed_ports" = "DONT_CARE"
    Info (12134): Parameter "read_during_write_mode_port_a" = "NEW_DATA_NO_NBE_READ"
    Info (12134): Parameter "read_during_write_mode_port_b" = "NEW_DATA_NO_NBE_READ"
    Info (12134): Parameter "stratixiv_m144k_allow_dual_clocks" = "ON"
    Info (12134): Parameter "width_a" = "16"
    Info (12134): Parameter "width_b" = "1"
    Info (12134): Parameter "width_byteena_a" = "1"
    Info (12134): Parameter "width_byteena_b" = "1"
    Info (12134): Parameter "width_eccstatus" = "3"
    Info (12134): Parameter "widthad_a" = "10"
    Info (12134): Parameter "widthad_b" = "1"
    Info (12134): Parameter "wrcontrol_aclr_a" = "UNUSED"
    Info (12134): Parameter "wrcontrol_aclr_b" = "NONE"
    Info (12134): Parameter "wrcontrol_wraddress_reg_b" = "CLOCK1"
    Info (12134): Parameter "lpm_hint" = "ENABLE_RUNTIME_MOD=NO"
    Info (12134): Parameter "lpm_type" = "altsyncram"
Info (12021): Found 1 design units, including 1 entities, in source file db/altsyncram_ldt3.tdf
    Info (12023): Found entity 1: altsyncram_ldt3 File: C:/Users/HPz420/Documents/GitHub/Doug Gilliland/Design_A_CPU/db/altsyncram_ldt3.tdf Line: 28
Info (12128): Elaborating entity "altsyncram_ldt3" for hierarchy "ROM_1KW:rom|altsyncram:altsyncram_component|altsyncram_ldt3:auto_generated" File: c:/intelfpga_lite/20.1/quartus/libraries/megafunctions/altsyncram.tdf Line: 792
Warning (14284): Synthesized away the following node(s):
    Warning (14285): Synthesized away the following RAM node(s):
        Warning (14320): Synthesized away node "ROM_1KW:rom|altsyncram:altsyncram_component|altsyncram_ldt3:auto_generated|q_a[1]" File: C:/Users/HPz420/Documents/GitHub/Doug Gilliland/Design_A_CPU/db/altsyncram_ldt3.tdf Line: 57
        Warning (14320): Synthesized away node "ROM_1KW:rom|altsyncram:altsyncram_component|altsyncram_ldt3:auto_generated|q_a[2]" File: C:/Users/HPz420/Documents/GitHub/Doug Gilliland/Design_A_CPU/db/altsyncram_ldt3.tdf Line: 79
        Warning (14320): Synthesized away node "ROM_1KW:rom|altsyncram:altsyncram_component|altsyncram_ldt3:auto_generated|q_a[3]" File: C:/Users/HPz420/Documents/GitHub/Doug Gilliland/Design_A_CPU/db/altsyncram_ldt3.tdf Line: 101
        Warning (14320): Synthesized away node "ROM_1KW:rom|altsyncram:altsyncram_component|altsyncram_ldt3:auto_generated|q_a[4]" File: C:/Users/HPz420/Documents/GitHub/Doug Gilliland/Design_A_CPU/db/altsyncram_ldt3.tdf Line: 123
        Warning (14320): Synthesized away node "ROM_1KW:rom|altsyncram:altsyncram_component|altsyncram_ldt3:auto_generated|q_a[5]" File: C:/Users/HPz420/Documents/GitHub/Doug Gilliland/Design_A_CPU/db/altsyncram_ldt3.tdf Line: 145
        Warning (14320): Synthesized away node "ROM_1KW:rom|altsyncram:altsyncram_component|altsyncram_ldt3:auto_generated|q_a[6]" File: C:/Users/HPz420/Documents/GitHub/Doug Gilliland/Design_A_CPU/db/altsyncram_ldt3.tdf Line: 167
        Warning (14320): Synthesized away node "ROM_1KW:rom|altsyncram:altsyncram_component|altsyncram_ldt3:auto_generated|q_a[7]" File: C:/Users/HPz420/Documents/GitHub/Doug Gilliland/Design_A_CPU/db/altsyncram_ldt3.tdf Line: 189
        Warning (14320): Synthesized away node "ROM_1KW:rom|altsyncram:altsyncram_component|altsyncram_ldt3:auto_generated|q_a[8]" File: C:/Users/HPz420/Documents/GitHub/Doug Gilliland/Design_A_CPU/db/altsyncram_ldt3.tdf Line: 211
        Warning (14320): Synthesized away node "ROM_1KW:rom|altsyncram:altsyncram_component|altsyncram_ldt3:auto_generated|q_a[9]" File: C:/Users/HPz420/Documents/GitHub/Doug Gilliland/Design_A_CPU/db/altsyncram_ldt3.tdf Line: 233
        Warning (14320): Synthesized away node "ROM_1KW:rom|altsyncram:altsyncram_component|altsyncram_ldt3:auto_generated|q_a[10]" File: C:/Users/HPz420/Documents/GitHub/Doug Gilliland/Design_A_CPU/db/altsyncram_ldt3.tdf Line: 255
        Warning (14320): Synthesized away node "ROM_1KW:rom|altsyncram:altsyncram_component|altsyncram_ldt3:auto_generated|q_a[11]" File: C:/Users/HPz420/Documents/GitHub/Doug Gilliland/Design_A_CPU/db/altsyncram_ldt3.tdf Line: 277
        Warning (14320): Synthesized away node "ROM_1KW:rom|altsyncram:altsyncram_component|altsyncram_ldt3:auto_generated|q_a[12]" File: C:/Users/HPz420/Documents/GitHub/Doug Gilliland/Design_A_CPU/db/altsyncram_ldt3.tdf Line: 299
        Warning (14320): Synthesized away node "ROM_1KW:rom|altsyncram:altsyncram_component|altsyncram_ldt3:auto_generated|q_a[13]" File: C:/Users/HPz420/Documents/GitHub/Doug Gilliland/Design_A_CPU/db/altsyncram_ldt3.tdf Line: 321
        Warning (14320): Synthesized away node "ROM_1KW:rom|altsyncram:altsyncram_component|altsyncram_ldt3:auto_generated|q_a[14]" File: C:/Users/HPz420/Documents/GitHub/Doug Gilliland/Design_A_CPU/db/altsyncram_ldt3.tdf Line: 343
Info (286030): Timing-Driven Synthesis is running
Info (17049): 2 registers lost all their fanouts during netlist optimizations.
Info (17036): Removed 9 MSB VCC or GND address nodes from RAM block "ROM_1KW:rom|altsyncram:altsyncram_component|altsyncram_ldt3:auto_generated|ALTSYNCRAM" File: C:/Users/HPz420/Documents/GitHub/Doug Gilliland/Design_A_CPU/db/altsyncram_ldt3.tdf Line: 32
Info (16010): Generating hard_block partition "hard_block:auto_generated_inst"
    Info (16011): Adding 0 node(s), including 0 DDIO, 0 PLL, 0 transceiver and 0 LCELL
Info (21057): Implemented 7 device resources after synthesis - the final resource count might be different
    Info (21058): Implemented 2 input pins
    Info (21059): Implemented 1 output pins
    Info (21061): Implemented 2 logic cells
    Info (21064): Implemented 2 RAM segments
Info: Quartus Prime Analysis & Synthesis was successful. 0 errors, 22 warnings
    Info: Peak virtual memory: 4806 megabytes
    Info: Processing ended: Thu Jul 08 10:59:31 2021
    Info: Elapsed time: 00:00:16
    Info: Total CPU time (on all processors): 00:00:37


